--- Startup times for process: Primary/TUI ---

times in msec
 clock   self+sourced   self:  sourced script
 clock   elapsed:              other lines

000.001  000.001: --- NVIM STARTING ---
006.175  006.174: event init
012.001  005.826: early init
012.028  000.027: locale set
019.618  007.590: init first window
030.665  011.046: inits 1
031.843  001.178: window checked
031.860  000.017: parsing arguments
040.924  000.022  000.022: require('vim.shared')
040.977  000.022  000.022: require('vim.inspect')
041.003  000.019  000.019: require('vim._options')
041.004  000.077  000.035: require('vim._editor')
041.005  000.120  000.021: require('vim._init_packages')
041.006  009.026: init lua interpreter
042.886  001.880: --- NVIM STARTED ---

--- Startup times for process: Embedded ---

times in msec
 clock   self+sourced   self:  sourced script
 clock   elapsed:              other lines

000.001  000.001: --- NVIM STARTING ---
000.089  000.088: event init
000.125  000.036: early init
000.144  000.019: locale set
000.163  000.019: init first window
000.285  000.122: inits 1
000.293  000.007: window checked
000.294  000.001: parsing arguments
000.553  000.021  000.021: require('vim.shared')
000.598  000.023  000.023: require('vim.inspect')
000.626  000.021  000.021: require('vim._options')
000.627  000.072  000.028: require('vim._editor')
000.628  000.123  000.030: require('vim._init_packages')
000.629  000.213: init lua interpreter
000.659  000.030: expanding arguments
000.675  000.016: inits 2
001.997  001.322: init highlight
001.998  000.001: waiting for UI
002.647  000.649: done waiting for UI
002.649  000.002: clear screen
002.699  000.010  000.010: require('vim.keymap')
006.422  003.772  003.762: require('vim._defaults')
006.424  000.003: init default mappings & autocommands
008.296  001.530  001.530: sourcing /tmp/.mount_nvimsdIbCS/usr/share/nvim/runtime/ftplugin.vim
008.668  000.268  000.268: sourcing /tmp/.mount_nvimsdIbCS/usr/share/nvim/runtime/indent.vim
008.825  000.022  000.022: require('vim.fs')
009.327  000.494  000.494: require('vim.uri')
009.336  000.555  000.039: require('vim.loader')
010.417  000.822  000.822: require('lazy')
010.960  000.008  000.008: require('ffi')
011.054  000.090  000.090: require('lazy.stats')
011.141  000.077  000.077: require('lazy.core.util')
011.195  000.054  000.054: require('lazy.core.config')
011.274  000.029  000.029: require('lazy.core.handler')
011.476  000.093  000.093: require('lazy.pkg')
011.480  000.156  000.063: require('lazy.core.meta')
011.485  000.211  000.055: require('lazy.core.plugin')
011.490  000.293  000.054: require('lazy.core.loader')
011.813  000.148  000.148: require('lazy.core.fragments')
012.998  000.030  000.030: require('lazy.core.handler.event')
013.001  000.077  000.047: require('lazy.core.handler.ft')
013.036  000.034  000.034: require('lazy.core.handler.keys')
013.064  000.026  000.026: require('lazy.core.handler.cmd')
014.273  000.703  000.703: sourcing /tmp/.mount_nvimsdIbCS/usr/share/nvim/runtime/filetype.lua
014.564  000.014  000.014: sourcing /home/paulw/.local/share/nvim/lazy/plenary.nvim/plugin/plenary.vim
014.727  000.119  000.119: sourcing /home/paulw/.local/share/nvim/lazy/telescope.nvim/plugin/telescope.lua
015.029  000.046  000.046: require('telescope._extensions')
015.032  000.292  000.246: require('telescope')
015.461  000.039  000.039: require('plenary.bit')
015.483  000.020  000.020: require('plenary.functional')
015.499  000.153  000.093: require('plenary.path')
015.976  000.855  000.703: require('plenary.strings')
015.996  000.019  000.019: require('telescope.deprecated')
016.116  000.003  000.003: require('vim.F')
016.130  000.066  000.063: require('plenary.log')
016.177  000.149  000.083: require('telescope.log')
016.277  000.021  000.021: require('plenary.compat')
016.282  000.063  000.043: require('plenary.job')
016.302  000.020  000.020: require('telescope.state')
016.311  000.133  000.050: require('telescope.utils')
016.314  000.317  000.035: require('telescope.sorters')
017.343  002.310  001.118: require('telescope.config')
018.099  000.130  000.130: require('telescope.builtin')
018.624  000.400  000.400: require('alpha')
018.746  000.119  000.119: require('alpha.themes.dashboard')
019.745  000.248  000.248: require('ibl.utils')
019.751  000.371  000.123: require('ibl.config')
019.829  000.046  000.046: require('ibl.indent')
019.832  000.080  000.034: require('ibl.hooks')
019.834  000.556  000.105: require('ibl.highlights')
019.855  000.021  000.021: require('ibl.autocmds')
019.877  000.021  000.021: require('ibl.inlay_hints')
019.896  000.019  000.019: require('ibl.virt_text')
020.009  000.095  000.095: require('ibl.scope_languages')
020.011  000.114  000.019: require('ibl.scope')
020.014  001.075  000.345: require('ibl')
020.763  000.707  000.707: require('vim.iter')
022.259  000.458  000.458: require('vim.lsp.log')
023.050  000.787  000.787: require('vim.lsp.protocol')
024.532  000.505  000.505: require('vim.lsp._snippet_grammar')
024.993  000.458  000.458: require('vim.highlight')
025.004  001.952  000.989: require('vim.lsp.util')
027.520  000.305  000.305: require('vim.lsp.sync')
027.527  002.520  002.215: require('vim.lsp._changetracking')
028.027  000.499  000.499: require('vim.lsp.rpc')
028.100  007.307  001.092: require('vim.lsp')
029.083  000.981  000.981: require('vim.lsp.handlers')
029.653  000.054  000.054: sourcing /home/paulw/.local/share/nvim/lazy/vim-slime/autoload/slime/config.vim
029.671  000.326  000.271: sourcing /home/paulw/.local/share/nvim/lazy/vim-slime/plugin/slime.vim
030.760  000.088  000.088: require('nvim-treesitter.utils')
032.916  000.093  000.093: require('vim.treesitter.language')
032.971  000.052  000.052: require('vim.func')
033.046  000.072  000.072: require('vim.func._memoize')
033.055  000.548  000.331: require('vim.treesitter.query')
033.478  000.422  000.422: require('vim.treesitter._range')
033.486  001.340  000.370: require('vim.treesitter.languagetree')
033.489  002.432  001.092: require('vim.treesitter')
033.960  003.196  000.764: require('nvim-treesitter.parsers')
034.073  000.016  000.016: require('nvim-treesitter.compat')
034.117  000.024  000.024: require('nvim-treesitter.ts_utils')
034.119  000.045  000.021: require('nvim-treesitter.tsrange')
034.152  000.031  000.031: require('nvim-treesitter.caching')
034.156  000.122  000.030: require('nvim-treesitter.query')
034.162  000.167  000.045: require('nvim-treesitter.configs')
034.164  000.203  000.036: require('nvim-treesitter.info')
034.192  000.028  000.028: require('nvim-treesitter.shell_command_selectors')
034.202  003.615  000.101: require('nvim-treesitter.install')
034.218  000.015  000.015: require('nvim-treesitter.statusline')
034.240  000.022  000.022: require('nvim-treesitter.query_predicates')
034.241  004.096  000.444: require('nvim-treesitter')
034.440  004.334  000.238: sourcing /home/paulw/.local/share/nvim/lazy/nvim-treesitter/plugin/nvim-treesitter.lua
035.151  000.023  000.023: require('nvim-treesitter.highlight')
035.192  000.023  000.023: require('nvim-treesitter.indent')
035.329  000.062  000.062: require('render-markdown')
035.424  000.023  000.023: require('render-markdown.core.range')
035.449  000.025  000.025: require('render-markdown.core.util')
035.450  000.076  000.028: require('render-markdown.config')
035.472  000.021  000.021: require('render-markdown.core.log')
035.508  000.035  000.035: require('render-markdown.presets')
035.525  000.016  000.016: require('render-markdown.core.treesitter')
035.527  000.197  000.049: require('render-markdown.state')
035.658  000.018  000.018: require('render-markdown.core.buffer_state')
035.718  000.017  000.017: require('render-markdown.lib.str')
035.719  000.037  000.020: require('render-markdown.core.conceal')
035.764  000.045  000.045: require('render-markdown.lib.node')
035.768  000.109  000.028: require('render-markdown.core.context')
035.787  000.018  000.018: require('render-markdown.core.extmark')
035.806  000.018  000.018: require('render-markdown.lib.iter')
035.846  000.021  000.021: require('render-markdown.lib.list')
035.847  000.041  000.020: require('render-markdown.handler.html')
035.867  000.019  000.019: require('render-markdown.handler.latex')
035.887  000.020  000.020: require('render-markdown.handler.markdown')
035.907  000.020  000.020: require('render-markdown.handler.markdown_inline')
035.910  000.300  000.037: require('render-markdown.core.ui')
035.936  000.025  000.025: require('render-markdown.colors')
036.174  000.152  000.152: require('render-markdown.manager')
036.177  000.174  000.022: require('render-markdown.api')
036.178  000.199  000.025: require('render-markdown.command')
036.263  000.022  000.022: require('render-markdown.integ.source')
036.265  000.049  000.028: require('render-markdown.integ.cmp')
038.207  002.962  002.130: sourcing /home/paulw/.local/share/nvim/lazy/render-markdown.nvim/plugin/render-markdown.lua
038.617  000.027  000.027: sourcing /home/paulw/.local/share/nvim/lazy/blink.cmp/plugin/blink-cmp.lua
038.997  000.077  000.077: require('blink.cmp')
038.999  000.331  000.254: require('blink-cmp')
039.071  000.023  000.023: require('blink.cmp.config.utils')
039.098  000.025  000.025: require('blink.cmp.config.keymap')
039.182  000.057  000.057: require('blink.cmp.config.completion.keyword')
039.213  000.031  000.031: require('blink.cmp.config.completion.trigger')
039.245  000.031  000.031: require('blink.cmp.config.completion.list')
039.277  000.032  000.032: require('blink.cmp.config.completion.accept')
039.335  000.057  000.057: require('blink.cmp.config.completion.menu')
039.370  000.034  000.034: require('blink.cmp.config.completion.documentation')
039.396  000.025  000.025: require('blink.cmp.config.completion.ghost_text')
039.397  000.299  000.033: require('blink.cmp.config.completion')
039.431  000.033  000.033: require('blink.cmp.config.fuzzy')
039.476  000.044  000.044: require('blink.cmp.config.sources')
039.523  000.047  000.047: require('blink.cmp.config.signature')
039.556  000.032  000.032: require('blink.cmp.config.snippets')
039.582  000.026  000.026: require('blink.cmp.config.appearance')
039.616  000.033  000.033: require('blink.cmp.config.modes.cmdline')
039.645  000.028  000.028: require('blink.cmp.config.modes.term')
039.647  000.645  000.055: require('blink.cmp.config')
040.597  000.050  000.050: require('blink.cmp.lib.async')
040.709  000.036  000.036: require('blink.cmp.lib.utils')
040.750  000.040  000.040: require('blink.cmp.fuzzy.download.system')
040.762  000.132  000.056: require('blink.cmp.fuzzy.download.files')
040.763  000.164  000.032: require('blink.cmp.fuzzy.download.git')
040.765  000.268  000.055: require('blink.cmp.fuzzy.download')
041.362  000.568  000.568: require('vim._system')
044.379  000.799  000.799: require('lspconfig.util')
044.395  000.920  000.121: sourcing /home/paulw/.local/share/nvim/lazy/nvim-lspconfig/plugin/lspconfig.lua
044.605  000.026  000.026: require('lspconfig.async')
044.607  000.115  000.089: require('lspconfig.configs')
044.612  000.185  000.069: require('lspconfig')
044.701  000.018  000.018: require('blink.cmp.lib.event_emitter')
044.704  000.091  000.072: require('blink.cmp.sources.lib')
044.727  000.019  000.019: require('lspconfig.configs.lua_ls')
044.908  000.026  000.026: require('lspconfig.manager')
044.942  000.029  000.029: require('lspconfig.configs.clangd')
045.168  000.022  000.022: require('lspconfig.configs.ruff')
045.253  000.023  000.023: require('lspconfig.configs.rust_analyzer')
045.347  000.022  000.022: require('lspconfig.configs.pyright')
045.698  000.214  000.214: require('refactoring.command')
045.703  000.234  000.020: sourcing /home/paulw/.local/share/nvim/lazy/refactoring.nvim/plugin/command.lua
045.862  000.015  000.015: require('refactoring.code_generation.utils')
045.864  000.038  000.023: require('refactoring.code_generation.langs.typescript')
045.865  000.054  000.016: require('refactoring.code_generation.langs.javascript')
045.884  000.018  000.018: require('refactoring.code_generation.langs.typescriptreact')
045.899  000.015  000.015: require('refactoring.code_generation.langs.javascriptreact')
045.914  000.014  000.014: require('refactoring.code_generation.langs.vue')
045.931  000.016  000.016: require('refactoring.code_generation.langs.lua')
045.952  000.020  000.020: require('refactoring.code_generation.langs.go')
045.969  000.017  000.017: require('refactoring.code_generation.langs.cpp')
045.985  000.015  000.015: require('refactoring.code_generation.langs.c')
046.005  000.019  000.019: require('refactoring.code_generation.langs.python')
046.022  000.016  000.016: require('refactoring.code_generation.langs.php')
046.039  000.016  000.016: require('refactoring.code_generation.langs.java')
046.056  000.016  000.016: require('refactoring.code_generation.langs.cs')
046.072  000.016  000.016: require('refactoring.code_generation.langs.ruby')
046.073  000.280  000.026: require('refactoring.code_generation')
046.171  000.402  000.121: require('refactoring.config')
046.295  000.014  000.014: require('plenary.tbl')
046.297  000.042  000.028: require('plenary.vararg.rotate')
046.298  000.056  000.014: require('plenary.vararg')
046.311  000.013  000.013: require('plenary.errors')
046.313  000.087  000.018: require('plenary.async.async')
046.374  000.014  000.014: require('plenary.async.structs')
046.377  000.034  000.019: require('plenary.async.control')
046.380  000.053  000.019: require('plenary.async.util')
046.381  000.067  000.015: require('plenary.async.tests')
046.382  000.172  000.018: require('plenary.async')
046.383  000.190  000.018: require('refactoring.pipeline')
046.399  000.015  000.015: require('refactoring.point')
046.441  000.042  000.042: require('refactoring.region')
046.520  000.020  000.020: require('refactoring.utils')
046.543  000.023  000.023: require('refactoring.ts-locals')
046.547  000.070  000.027: require('refactoring.treesitter.treesitter')
046.595  000.015  000.015: require('refactoring.query')
046.596  000.032  000.017: require('refactoring.treesitter.nodes')
046.597  000.050  000.018: require('refactoring.treesitter.langs.typescript')
046.615  000.017  000.017: require('refactoring.treesitter.langs.typescriptreact')
046.633  000.018  000.018: require('refactoring.treesitter.langs.javascriptreact')
046.650  000.017  000.017: require('refactoring.treesitter.langs.cpp')
046.667  000.016  000.016: require('refactoring.treesitter.langs.c')
046.684  000.016  000.016: require('refactoring.treesitter.langs.vue')
046.702  000.017  000.017: require('refactoring.treesitter.langs.go')
046.720  000.018  000.018: require('refactoring.treesitter.langs.lua')
046.739  000.018  000.018: require('refactoring.treesitter.langs.python')
046.755  000.016  000.016: require('refactoring.treesitter.langs.javascript')
046.772  000.016  000.016: require('refactoring.treesitter.langs.php')
046.789  000.016  000.016: require('refactoring.treesitter.langs.java')
046.806  000.017  000.017: require('refactoring.treesitter.langs.cs')
046.822  000.015  000.015: require('refactoring.treesitter.langs.ruby')
046.823  000.364  000.027: require('refactoring.treesitter')
046.824  000.382  000.018: require('refactoring.tasks.refactor_setup')
046.854  000.015  000.015: require('refactoring.tasks.adjust_cursor')
046.870  000.016  000.016: require('refactoring.tasks.apply_text_edits')
046.871  000.046  000.015: require('refactoring.tasks.post_refactor')
046.886  000.014  000.014: require('refactoring.text_edits_utils')
046.899  000.013  000.013: require('refactoring.debug.debug_utils')
046.915  000.015  000.015: require('refactoring.tasks.ensure_code_gen')
046.929  000.014  000.014: require('refactoring.get_select_input')
046.945  000.016  000.016: require('refactoring.indent')
046.958  000.012  000.012: require('refactoring.notify')
046.960  000.788  000.029: require('refactoring.debug.printf')
046.977  000.016  000.016: require('refactoring.debug.print_var')
046.990  000.013  000.013: require('refactoring.debug.get_path')
047.005  000.014  000.014: require('refactoring.debug.cleanup')
047.007  001.273  000.041: require('refactoring.debug')
047.008  001.292  000.019: require('refactoring')
047.326  000.015  000.015: require('harpoon.utils')
047.328  000.034  000.019: require('harpoon.logger')
047.386  000.015  000.015: require('harpoon.autocmd')
047.388  000.035  000.020: require('harpoon.buffer')
047.410  000.022  000.022: require('harpoon.extensions')
047.412  000.083  000.026: require('harpoon.ui')
047.442  000.030  000.030: require('harpoon.data')
047.465  000.023  000.023: require('harpoon.config')
047.495  000.029  000.029: require('harpoon.list')
049.698  002.582  002.384: require('harpoon')
050.134  000.025  000.025: require('nvim-tree.log')
050.224  000.020  000.020: require('nvim-tree.notify')
050.227  000.044  000.024: require('nvim-tree.events')
050.293  000.021  000.021: require('nvim-tree.iterators.node-iterator')
050.310  000.083  000.062: require('nvim-tree.utils')
050.317  000.180  000.054: require('nvim-tree.view')
050.404  000.017  000.017: require('nvim-tree.core')
050.450  000.023  000.023: require('nvim-tree.git.utils')
050.467  000.016  000.016: require('nvim-tree.renderer.components.devicons')
050.542  000.047  000.047: require('nvim-tree.classic')
050.545  000.078  000.030: require('nvim-tree.node')
050.549  000.144  000.028: require('nvim-tree.node.directory')
050.551  000.183  000.022: require('nvim-tree.actions.finders.find-file')
050.587  000.036  000.036: require('nvim-tree.actions.finders.search-node')
050.588  000.237  000.018: require('nvim-tree.actions.finders')
050.706  000.064  000.064: require('nvim-tree.node.file')
050.707  000.091  000.027: require('nvim-tree.actions.fs.create-file')
050.776  000.036  000.036: require('nvim-tree.lib')
050.838  000.024  000.024: require('nvim-tree.node.link')
050.857  000.080  000.056: require('nvim-tree.node.directory-link')
050.859  000.151  000.035: require('nvim-tree.actions.fs.remove-file')
050.895  000.035  000.035: require('nvim-tree.actions.fs.rename-file')
050.930  000.034  000.034: require('nvim-tree.actions.fs.trash')
050.931  000.342  000.031: require('nvim-tree.actions.fs')
051.031  000.039  000.039: require('nvim-tree.diagnostics')
051.033  000.076  000.036: require('nvim-tree.actions.moves.item')
051.053  000.019  000.019: require('nvim-tree.actions.moves.parent')
051.076  000.022  000.022: require('nvim-tree.actions.moves.sibling')
051.076  000.145  000.027: require('nvim-tree.actions.moves')
051.133  000.031  000.031: require('nvim-tree.actions.node.file-popup')
051.188  000.054  000.054: require('nvim-tree.actions.node.open-file')
051.218  000.029  000.029: require('nvim-tree.actions.node.run-command')
051.248  000.030  000.030: require('nvim-tree.actions.node.system-open')
051.273  000.024  000.024: require('nvim-tree.actions.node.buffer')
051.274  000.197  000.029: require('nvim-tree.actions.node')
051.332  000.033  000.033: require('nvim-tree.actions.root.change-dir')
051.361  000.028  000.028: require('nvim-tree.actions.root.dir-up')
051.362  000.087  000.026: require('nvim-tree.actions.root')
051.413  000.026  000.026: require('nvim-tree.actions.tree.find-file')
051.471  000.035  000.035: require('nvim-tree.actions.tree.modifiers.collapse-all')
051.505  000.034  000.034: require('nvim-tree.actions.tree.modifiers.expand-all')
051.506  000.093  000.024: require('nvim-tree.actions.tree.modifiers')
051.535  000.028  000.028: require('nvim-tree.actions.tree.open')
051.558  000.023  000.023: require('nvim-tree.actions.tree.toggle')
051.581  000.023  000.023: require('nvim-tree.actions.tree.resize')
051.582  000.219  000.028: require('nvim-tree.actions.tree')
051.583  001.256  000.029: require('nvim-tree.actions')
052.893  001.303  001.303: require('vim.diagnostic')
052.911  003.043  000.279: require('nvim-tree')
052.955  000.038  000.038: require('nvim-tree.legacy')
053.513  000.058  000.058: require('nvim-tree.keymap')
053.598  000.082  000.082: require('nvim-tree.appearance')
053.960  000.050  000.050: require('nvim-tree.buffers')
054.062  000.059  000.059: require('nvim-tree.git.runner')
054.138  000.075  000.075: require('nvim-tree.watcher')
054.142  000.180  000.046: require('nvim-tree.git')
054.330  000.081  000.081: require('nvim-tree.node.file-link')
054.331  000.188  000.107: require('nvim-tree.node.factory')
054.396  000.064  000.064: require('nvim-tree.node.root')
054.561  000.087  000.087: require('nvim-tree.enum')
054.567  000.170  000.083: require('nvim-tree.explorer.filters')
054.745  000.177  000.177: require('nvim-tree.marks')
054.927  000.181  000.181: require('nvim-tree.explorer.live-filter')
055.122  000.194  000.194: require('nvim-tree.explorer.sorter')
055.230  000.107  000.107: require('nvim-tree.actions.fs.clipboard')
055.403  000.019  000.019: require('nvim-tree.renderer.decorator')
055.415  000.051  000.032: require('nvim-tree.renderer.decorator.bookmarks')
055.436  000.021  000.021: require('nvim-tree.renderer.decorator.copied')
055.455  000.018  000.018: require('nvim-tree.renderer.decorator.cut')
055.479  000.024  000.024: require('nvim-tree.renderer.decorator.diagnostics')
055.514  000.034  000.034: require('nvim-tree.renderer.decorator.git')
055.532  000.017  000.017: require('nvim-tree.renderer.decorator.hidden')
055.548  000.016  000.016: require('nvim-tree.renderer.decorator.modified')
055.564  000.015  000.015: require('nvim-tree.renderer.decorator.opened')
055.589  000.025  000.025: require('nvim-tree.renderer.decorator.user')
055.610  000.020  000.020: require('nvim-tree.renderer.components.padding')
055.614  000.327  000.087: require('nvim-tree.renderer.builder')
055.617  000.386  000.058: require('nvim-tree.renderer')
055.623  001.780  000.083: require('nvim-tree.explorer')
055.642  000.018  000.018: require('nvim-tree.explorer.watch')
055.682  000.020  000.020: require('nvim-tree.renderer.components.full-name')
055.683  000.038  000.017: require('nvim-tree.renderer.components')
055.875  000.025  000.025: sourcing /home/paulw/.local/share/nvim/lazy/nvim-web-devicons/plugin/nvim-web-devicons.vim
056.199  000.285  000.285: require('nvim-web-devicons.filetypes')
056.295  000.072  000.072: require('nvim-web-devicons.default.icons_by_filename')
056.473  000.177  000.177: require('nvim-web-devicons.default.icons_by_file_extension')
056.518  000.043  000.043: require('nvim-web-devicons.default.icons_by_operating_system')
056.536  000.017  000.017: require('nvim-web-devicons.default.icons_by_desktop_environment')
056.555  000.018  000.018: require('nvim-web-devicons.default.icons_by_window_manager')
056.555  000.349  000.021: require('nvim-web-devicons.icons-default')
056.690  001.006  000.346: require('nvim-web-devicons')
057.968  000.058  000.058: require('nvim-tree.help')
058.024  000.021  000.021: require('nvim-tree.appearance.hi-test')
058.042  000.071  000.051: require('nvim-tree.api')
058.086  000.024  000.024: require('nvim-tree.commands')
058.210  000.025  000.025: sourcing /home/paulw/.local/share/nvim/lazy/vimtex/plugin/vimtex.vim
058.240  000.008  000.008: sourcing /home/paulw/.local/share/nvim/lazy/vimtex/ftdetect/cls.vim
058.257  000.007  000.007: sourcing /home/paulw/.local/share/nvim/lazy/vimtex/ftdetect/tex.vim
058.272  000.006  000.006: sourcing /home/paulw/.local/share/nvim/lazy/vimtex/ftdetect/tikz.vim
058.685  000.017  000.017: require('iron.log')
058.741  000.021  000.021: require('iron.view')
058.755  000.014  000.014: require('iron.visibility')
058.771  000.014  000.014: require('iron.scope')
058.807  000.101  000.053: require('iron.config')
058.841  000.014  000.014: require('iron.fts.clojure')
058.855  000.014  000.014: require('iron.fts.cpp')
058.868  000.012  000.012: require('iron.fts.csh')
058.881  000.012  000.012: require('iron.fts.elixir')
058.894  000.012  000.012: require('iron.fts.elm')
058.906  000.011  000.011: require('iron.fts.erlang')
058.918  000.012  000.012: require('iron.fts.fennel')
058.931  000.012  000.012: require('iron.fts.forth')
058.944  000.013  000.013: require('iron.fts.haskell')
058.957  000.012  000.012: require('iron.fts.hy')
058.969  000.011  000.011: require('iron.fts.janet')
058.982  000.012  000.012: require('iron.fts.javascript')
058.994  000.012  000.012: require('iron.fts.julia')
059.006  000.012  000.012: require('iron.fts.lisp')
059.018  000.011  000.011: require('iron.fts.lua')
059.031  000.011  000.011: require('iron.fts.mma')
059.043  000.011  000.011: require('iron.fts.ocaml')
059.055  000.012  000.012: require('iron.fts.php')
059.067  000.012  000.012: require('iron.fts.prolog')
059.080  000.012  000.012: require('iron.fts.ps1')
059.092  000.012  000.012: require('iron.fts.pure')
059.133  000.013  000.013: require('iron.util.os')
059.146  000.012  000.012: require('iron.util.tables')
059.147  000.042  000.017: require('iron.fts.common')
059.157  000.064  000.022: require('iron.fts.python')
059.171  000.013  000.013: require('iron.fts.r')
059.182  000.011  000.011: require('iron.fts.racket')
059.194  000.012  000.012: require('iron.fts.ruby')
059.206  000.011  000.011: require('iron.fts.sbt')
059.219  000.012  000.012: require('iron.fts.scala')
059.255  000.035  000.035: require('iron.fts.scheme')
059.278  000.013  000.013: require('iron.fts.sh')
059.291  000.012  000.012: require('iron.fts.stata')
059.303  000.012  000.012: require('iron.fts.tcl')
059.316  000.012  000.012: require('iron.fts.typescript')
059.327  000.011  000.011: require('iron.fts.zsh')
059.339  000.011  000.011: require('iron.fts.fish')
059.340  000.532  000.051: require('iron.fts')
059.353  000.012  000.012: require('iron.providers')
059.355  000.668  000.022: require('iron.lowlevel')
059.370  000.015  000.015: require('iron.marks')
059.377  000.880  000.181: require('iron.core')
059.829  000.023  000.023: require('lualine_require')
059.977  000.385  000.363: require('lualine')
060.551  000.037  000.037: require('lualine.highlight')
061.881  000.030  000.030: require('lualine.utils.mode')
063.672  000.026  000.026: require('mason-core.path')
063.760  000.051  000.051: require('mason-core.functional')
063.804  000.016  000.016: require('mason-core.functional.data')
063.806  000.040  000.024: require('mason-core.functional.function')
063.833  000.019  000.019: require('mason-core.functional.relation')
063.853  000.018  000.018: require('mason-core.functional.logic')
063.866  000.191  000.064: require('mason-core.platform')
063.898  000.031  000.031: require('mason.settings')
063.900  000.414  000.166: require('mason')
064.030  000.057  000.057: require('mason-core.functional.list')
064.067  000.034  000.034: require('mason-core.functional.string')
064.079  000.167  000.076: require('mason.api.command')
064.133  000.050  000.050: require('mason-registry.sources')
064.214  000.046  000.046: require('mason-core.log')
064.239  000.024  000.024: require('mason-lspconfig.settings')
064.241  000.102  000.032: require('mason-lspconfig')
064.318  000.046  000.046: require('mason-lspconfig.notify')
064.321  000.075  000.029: require('mason-lspconfig.lspconfig_hook')
064.758  000.109  000.109: require('mason-core.functional.table')
064.786  000.464  000.355: require('mason-lspconfig.mappings.server')
064.881  000.054  000.054: require('mason-core.EventEmitter')
064.915  000.033  000.033: require('mason-core.optional')
065.006  000.059  000.059: require('mason-core.async')
065.028  000.020  000.020: require('mason-core.async.uv')
065.036  000.120  000.041: require('mason-core.fs')
065.050  000.264  000.056: require('mason-registry')
065.073  000.021  000.021: require('mason-lspconfig.server_config_extensions')
065.115  000.041  000.041: require('lspconfig.configs.omnisharp')
065.179  000.029  000.029: require('mason-lspconfig.ensure_installed')
065.284  000.064  000.064: require('mason-core.result')
065.422  000.077  000.077: require('mason-core.process')
065.578  000.155  000.155: require('mason-core.spawn')
065.581  000.266  000.034: require('mason-core.managers.powershell')
065.608  000.026  000.026: require('mason.version')
065.609  000.325  000.033: require('mason-core.fetch')
065.641  000.031  000.031: require('mason-core.providers')
065.825  000.102  000.102: require('mason-core.purl')
065.836  000.159  000.057: require('mason-core.package')
065.994  000.051  000.051: require('mason-core.installer.registry.expr')
066.001  000.116  000.066: require('mason-core.installer.registry.link')
066.242  000.053  000.053: require('mason-core.receipt')
066.264  000.129  000.076: require('mason-core.installer.context')
066.303  000.038  000.038: require('mason-core.async.control')
066.347  000.043  000.043: require('mason-core.installer.linker')
066.350  000.275  000.065: require('mason-core.installer')
066.365  000.336  000.061: require('mason-core.installer.managers.std')
066.367  000.366  000.030: require('mason-core.installer.registry.schemas')
066.398  000.030  000.030: require('mason-core.installer.registry.util')
066.407  000.570  000.057: require('mason-core.installer.registry')
066.409  000.767  000.039: require('mason-registry.sources.util')
066.415  001.231  000.045: require('mason-registry.sources.github')
066.685  000.033  000.033: require('mason-core.functional.number')
066.698  000.087  000.054: require('mason-lspconfig.api.command')
067.601  000.383  000.383: require('rose-pine.config')
067.613  000.880  000.497: require('rose-pine')
068.817  000.091  000.091: require('rose-pine.utilities')
068.936  000.116  000.116: require('rose-pine.palette')
070.368  001.757  001.549: sourcing /home/paulw/.local/share/nvim/lazy/rose-pine/colors/rose-pine.lua
073.017  000.446  000.446: sourcing /tmp/.mount_nvimsdIbCS/usr/share/nvim/runtime/plugin/editorconfig.lua
073.129  000.085  000.085: sourcing /tmp/.mount_nvimsdIbCS/usr/share/nvim/runtime/plugin/gzip.vim
073.252  000.079  000.079: sourcing /tmp/.mount_nvimsdIbCS/usr/share/nvim/runtime/plugin/man.lua
074.629  000.439  000.439: sourcing /tmp/.mount_nvimsdIbCS/usr/share/nvim/runtime/pack/dist/opt/matchit/plugin/matchit.vim
074.648  001.374  000.935: sourcing /tmp/.mount_nvimsdIbCS/usr/share/nvim/runtime/plugin/matchit.vim
074.758  000.077  000.077: sourcing /tmp/.mount_nvimsdIbCS/usr/share/nvim/runtime/plugin/matchparen.vim
074.800  000.016  000.016: sourcing /tmp/.mount_nvimsdIbCS/usr/share/nvim/runtime/plugin/netrwPlugin.vim
074.929  000.104  000.104: sourcing /tmp/.mount_nvimsdIbCS/usr/share/nvim/runtime/plugin/osc52.lua
075.040  000.081  000.081: sourcing /tmp/.mount_nvimsdIbCS/usr/share/nvim/runtime/plugin/rplugin.vim
075.099  000.036  000.036: sourcing /tmp/.mount_nvimsdIbCS/usr/share/nvim/runtime/plugin/shada.vim
075.141  000.013  000.013: sourcing /tmp/.mount_nvimsdIbCS/usr/share/nvim/runtime/plugin/spellfile.vim
075.211  000.047  000.047: sourcing /tmp/.mount_nvimsdIbCS/usr/share/nvim/runtime/plugin/tarPlugin.vim
075.312  000.074  000.074: sourcing /tmp/.mount_nvimsdIbCS/usr/share/nvim/runtime/plugin/tohtml.lua
075.376  000.016  000.016: sourcing /tmp/.mount_nvimsdIbCS/usr/share/nvim/runtime/plugin/tutor.vim
075.471  000.073  000.073: sourcing /tmp/.mount_nvimsdIbCS/usr/share/nvim/runtime/plugin/zipPlugin.vim
075.767  000.046  000.046: sourcing /home/paulw/.local/share/nvim/lazy/indent-blankline.nvim/after/plugin/commands.lua
075.797  066.443  019.965: require('config.lazy')
080.785  004.986  004.986: require('config.options')
080.840  000.052  000.052: require('custom.floaterminal')
080.843  072.075  000.038: sourcing /home/paulw/.config/nvim/init.lua
080.846  000.549: sourcing vimrc file(s)
080.966  000.025  000.025: sourcing /tmp/.mount_nvimsdIbCS/usr/share/nvim/runtime/filetype.lua
082.127  000.045  000.045: sourcing /tmp/.mount_nvimsdIbCS/usr/share/nvim/runtime/syntax/synload.vim
082.181  000.461  000.416: sourcing /tmp/.mount_nvimsdIbCS/usr/share/nvim/runtime/syntax/syntax.vim
082.188  000.856: inits 3
084.184  001.996: reading ShaDa
084.369  000.185: opening buffers
084.398  000.030: BufEnter autocommands
084.400  000.002: editing files in windows
087.987  001.067  001.067: require('vim.version')
089.251  003.783: VimEnter autocommands
089.269  000.019: UIEnter autocommands
089.843  000.463  000.463: sourcing /tmp/.mount_nvimsdIbCS/usr/share/nvim/runtime/autoload/provider/clipboard.vim
089.848  000.115: before starting main loop
090.155  000.307: first screen update
090.156  000.001: --- NVIM STARTED ---

